<?xml version="1.0" encoding="UTF-8"?>
<!-- Generated by org.testng.reporters.JUnitXMLReporter -->
<testsuite ignored="1" hostname="MoreVasanthKumar" failures="0" tests="1" name="Default test" time="0.196" errors="0" timestamp="2024-04-16T11:40:20 IST">
  <testcase classname="org.exercise.ElasticKibana.TestCase1" name="passTestcase" time="0.041"/>
  <testcase classname="org.exercise.ElasticKibana.TestCase1" name="failTestcase" time="0.0">
    <ignored/>
  </testcase> <!-- failTestcase -->
</testsuite> <!-- Default test -->
