<?xml version="1.0" encoding="UTF-8"?>
<!-- Generated by org.testng.reporters.JUnitXMLReporter -->
<testsuite ignored="0" hostname="YASHAMANT" failures="1" tests="2" name="smoke" time="4.165" errors="0" timestamp="2024-04-17T15:40:40 IST">
  <testcase classname="org.exercise.ElasticKibana.TestCase1" name="failTestcase" time="0.02">
    <failure type="java.lang.AssertionError" message="expected [true] but found [false]">
      <![CDATA[java.lang.AssertionError: expected [true] but found [false]
at org.exercise.ElasticKibana.TestCase1.failTestcase(TestCase1.java:18)
at java.base/java.util.ArrayList.forEach(ArrayList.java:1511)
... Removed 31 stack frames]]>
    </failure>
  </testcase> <!-- failTestcase -->
  <testcase classname="org.exercise.ElasticKibana.TestCase1" name="passTestcase" time="0.005"/>
</testsuite> <!-- smoke -->
