<?xml version="1.0" encoding="UTF-8"?>
<!-- Generated by org.testng.reporters.JUnitXMLReporter -->
<testsuite ignored="1" hostname="MoreVasanthKumar" failures="1" tests="1" name="Test" time="0.125" errors="0" timestamp="2024-03-01T11:10:21 IST">
  <testcase classname="org.sap.tests.AmazonDemoTest" name="amazonTest" time="0.0">
    <failure type="org.testng.TestNGException" message="
Cannot inject @Test annotated Method [amazonTest] with [interface java.util.Map].
For more information on native dependency injection please refer to https://testng.org/doc/documentation-main.html#native-dependency-injection">
      <![CDATA[org.testng.TestNGException: 
Cannot inject @Test annotated Method [amazonTest] with [interface java.util.Map].
For more information on native dependency injection please refer to https://testng.org/doc/documentation-main.html#native-dependency-injection
at java.base/java.util.ArrayList.forEach(ArrayList.java:1596)
... Removed 26 stack frames]]>
    </failure>
  </testcase> <!-- amazonTest -->
  <testcase classname="org.sap.tests.AmazonDemoTest" name="m1" time="0.0">
    <ignored/>
  </testcase> <!-- m1 -->
</testsuite> <!-- Test -->
